<?xml version="1.0" encoding="UTF-8" ?>
<testsuite tests="2" failures="1" name="TestSuite" time="0.465" errors="0" skipped="0">
  <properties>
[...]
</properties>
  <testcase classname="com.matryxsoft.website.matryxsoft.helloworld" name="MatryxsoftWebsite" time="0.01"/>
  <testcase classname="com.matryxsoft.website.matryxsoft.helloworld" name="MatryxsoftWebsite2" time="0.007">
    <failure message="expected [true] but found [false]" type="java.lang.AssertionError">java.lang.AssertionError: expected [true] but found [false]
	at org.testng.Assert.fail(Assert.java:94)
	at org.testng.Assert.failNotEquals(Assert.java:513)
	at org.testng.Assert.assertTrue(Assert.java:42)
	at org.testng.Assert.assertTrue(Assert.java:52)
	at com.matryxsoft.website.matryxsoft.helloworld.MatryxsoftWebsite2(helloworld.java:20)
</failure>
    <system-out>Hello Matryxsoft
</system-out>
  </testcase>
</testsuite>