<?xml version="1.0" encoding="UTF-8"?>
<!-- Generated by org.testng.reporters.JUnitXMLReporter -->
<testsuite hostname="USER-PC" ignored="0" name="AddDetailsToRFT" tests="2" failures="2" timestamp="14 May 2019 11:32:03 GMT" time="0.066" errors="0">
  <testcase name="main" time="0.0" classname="com.matryxsoft.website.matryxsoft.NavigatetoRequestForTrial">
    <failure type="org.testng.TestNGException" message="
Cannot inject @Test annotated Method [main] with [class [Ljava.lang.String;].
For more information on native dependency injection please refer to http://testng.org/doc/documentation-main.html#native-dependency-injection">
      <![CDATA[org.testng.TestNGException: 
Cannot inject @Test annotated Method [main] with [class [Ljava.lang.String;].
For more information on native dependency injection please refer to http://testng.org/doc/documentation-main.html#native-dependency-injection
... Removed 24 stack frames]]>
    </failure>
  </testcase> <!-- main -->
  <testcase name="verifyAddDetailsToRFT" time="0.011" classname="com.matryxsoft.website.matryxsoft.NavigatetoRequestForTrial">
    <failure type="java.lang.NullPointerException">
      <![CDATA[java.lang.NullPointerException
	at com.matryxsoft.website.matryxsoft.AddDetailsToRequestForTrial.typefirstname(AddDetailsToRequestForTrial.java:36)
	at com.matryxsoft.website.matryxsoft.NavigatetoRequestForTrial.verifyAddDetailsToRFT(NavigatetoRequestForTrial.java:33)
... Removed 25 stack frames]]>
    </failure>
  </testcase> <!-- verifyAddDetailsToRFT -->
</testsuite> <!-- AddDetailsToRFT -->
