<?xml version="1.0" encoding="UTF-8"?>
<!-- Generated by org.testng.reporters.JUnitXMLReporter -->
<testsuite hostname="USER-PC" ignored="0" name="Test" tests="1" failures="1" timestamp="30 May 2019 09:06:51 GMT" time="0.075" errors="0">
  <testcase name="checkfirstname" time="0.038" classname="com.matryxsoft.website.matryxsoft.VerifyAddDetails">
    <failure type="java.lang.Error" message="Unresolved compilation problems: 
	WrapperActionFunction cannot be resolved to a type
	WrapperActionFunction cannot be resolved to a type
	browserhelper cannot be resolved
	MatryxsoftHomePage cannot be resolved to a type
	Type mismatch: cannot convert from MatryxsoftHomePage to MatryxsoftHomePage
	MatryxsoftHomePage cannot be resolved to a type
">
      <![CDATA[java.lang.Error: Unresolved compilation problems: 
	WrapperActionFunction cannot be resolved to a type
	WrapperActionFunction cannot be resolved to a type
	browserhelper cannot be resolved
	MatryxsoftHomePage cannot be resolved to a type
	Type mismatch: cannot convert from MatryxsoftHomePage to MatryxsoftHomePage
	MatryxsoftHomePage cannot be resolved to a type

	at com.matryxsoft.website.matryxsoft.VerifyAddDetails.checkfirstname(VerifyAddDetails.java:20)
... Removed 25 stack frames]]>
    </failure>
  </testcase> <!-- checkfirstname -->
</testsuite> <!-- Test -->
