<?xml version="1.0" encoding="UTF-8"?>
<!-- Generated by org.testng.reporters.JUnitXMLReporter -->
<testsuite hostname="USER-PC" ignored="0" name="Test" tests="3" failures="1" timestamp="06 May 2019 06:45:49 GMT" time="0.493" errors="0">
  <testcase name="MatryxsoftWebsite" time="0.008" classname="com.matryxsoft.website.matryxsoft.helloworld"/>
  <testcase name="MatryxsoftWebsite2" time="0.002" classname="com.matryxsoft.website.matryxsoft.helloworld">
    <failure type="java.lang.AssertionError" message="expected [true] but found [false]">
      <![CDATA[java.lang.AssertionError: expected [true] but found [false]
	at com.matryxsoft.website.matryxsoft.helloworld.MatryxsoftWebsite2(helloworld.java:20)
... Removed 35 stack frames]]>
    </failure>
  </testcase> <!-- MatryxsoftWebsite2 -->
  <testcase name="reRunFailedTests" time="0.384" classname="com.matryxsoft.website.matryxsoft.reRunFailedTestNG"/>
</testsuite> <!-- Test -->
