<?xml version="1.0" encoding="UTF-8"?>
<!-- Generated by org.testng.reporters.JUnitXMLReporter -->
<testsuite hostname="USER-PC" ignored="1" name="Test(failed)" tests="1" failures="1" timestamp="06 May 2019 06:45:48 GMT" time="0.002" errors="0">
  <testcase name="MatryxsoftWebsite2" time="0.0" classname="com.matryxsoft.website.matryxsoft.helloworld">
    <failure type="java.lang.AssertionError" message="expected [true] but found [false]">
      <![CDATA[java.lang.AssertionError: expected [true] but found [false]
	at com.matryxsoft.website.matryxsoft.helloworld.MatryxsoftWebsite2(helloworld.java:20)
	at com.matryxsoft.website.matryxsoft.reRunFailedTestNG.reRunFailedTests(reRunFailedTestNG.java:16)
... Removed 57 stack frames]]>
    </failure>
  </testcase> <!-- MatryxsoftWebsite2 -->
  <testcase name="MatryxsoftWebsite" time="0.0" classname="com.matryxsoft.website.matryxsoft.helloworld">
    <ignored/>
  </testcase> <!-- MatryxsoftWebsite -->
</testsuite> <!-- Test(failed) -->
