<?xml version="1.0" encoding="UTF-8"?>
<testng-results skipped="0" failed="0" ignored="0" total="1" passed="1">
  <reporter-output>
  </reporter-output>
  <suite name="Suite" duration-ms="73856" started-at="2019-05-30T12:09:54Z" finished-at="2019-05-30T12:11:08Z">
    <groups>
    </groups>
    <test name="Test" duration-ms="73856" started-at="2019-05-30T12:09:54Z" finished-at="2019-05-30T12:11:08Z">
      <class name="com.matryxsoft.website.matryxsoft.VerifyAddDetails">
        <test-method status="PASS" signature="checkfirstname()[pri:0, instance:com.matryxsoft.website.matryxsoft.VerifyAddDetails@7d9d1a19]" name="checkfirstname" duration-ms="73795" started-at="2019-05-30T17:39:54Z" finished-at="2019-05-30T17:41:08Z">
          <reporter-output>
          </reporter-output>
        </test-method> <!-- checkfirstname -->
      </class> <!-- com.matryxsoft.website.matryxsoft.VerifyAddDetails -->
    </test> <!-- Test -->
  </suite> <!-- Suite -->
</testng-results>
